2025-05-23 14:50:44,061 - INFO - Запуск юзербота...
2025-05-23 14:50:44,061 - INFO - Connecting to 149.154.167.51:443/TcpFull...
2025-05-23 14:50:44,167 - INFO - Connection to 149.154.167.51:443/TcpFull complete!
2025-05-23 14:50:44,798 - INFO - Бот успешно подключен к Telegram
2025-05-23 14:52:42,785 - INFO - 📸 Обработка одиночного фото из канала Tester
2025-05-23 14:52:42,786 - INFO - 📥 Скачивание фото...
2025-05-23 14:52:42,786 - INFO - Starting direct file download in chunks of 131072 at 0, stride 131072
2025-05-23 14:52:42,788 - INFO - 📸 Обработка одиночного фото из канала Tester
2025-05-23 14:52:42,788 - INFO - 📥 Скачивание фото...
2025-05-23 14:52:42,788 - INFO - Starting direct file download in chunks of 131072 at 0, stride 131072
2025-05-23 14:52:42,789 - INFO - 📦 Обработка альбома из канала Tester
2025-05-23 14:52:42,790 - INFO - ⏭️ Альбом -1002533650006_13984009290940378 уже был обработан
2025-05-23 14:52:42,790 - INFO - ⏭️ Альбом -1002533650006_13984009290940378 уже был обработан
2025-05-23 14:52:42,791 - INFO - ⏭️ Альбом -1002533650006_13984009290940378 уже был обработан
2025-05-23 14:52:42,792 - INFO - 📦 Обработка альбома из канала Tester
2025-05-23 14:52:42,792 - INFO - ⏭️ Альбом -1002533650006_13984009290940386 уже был обработан
2025-05-23 14:52:42,793 - INFO - ⏭️ Альбом -1002533650006_13984009290940386 уже был обработан
2025-05-23 14:52:42,793 - INFO - ⏭️ Альбом -1002533650006_13984009290940386 уже был обработан
2025-05-23 14:52:42,794 - INFO - ⏭️ Альбом -1002533650006_13984009290940386 уже был обработан
2025-05-23 14:52:42,794 - INFO - ⏭️ Альбом -1002533650006_13984009290940386 уже был обработан
2025-05-23 14:52:42,794 - INFO - ⏭️ Альбом -1002533650006_13984009290940386 уже был обработан
2025-05-23 14:52:42,795 - INFO - 📦 Обработка альбома из канала Tester
2025-05-23 14:52:42,796 - INFO - ⏭️ Альбом -1002533650006_13984009290940394 уже был обработан
2025-05-23 14:52:42,796 - INFO - ⏭️ Альбом -1002533650006_13984009290940394 уже был обработан
2025-05-23 14:52:42,797 - INFO - ⏭️ Альбом -1002533650006_13984009290940394 уже был обработан
2025-05-23 14:52:42,797 - INFO - ⏭️ Альбом -1002533650006_13984009290940394 уже был обработан
2025-05-23 14:52:42,797 - INFO - ⏭️ Альбом -1002533650006_13984009290940394 уже был обработан
2025-05-23 14:52:42,798 - INFO - ⏭️ Альбом -1002533650006_13984009290940394 уже был обработан
2025-05-23 14:52:42,799 - INFO - 📦 Обработка альбома из канала Tester
2025-05-23 14:52:42,799 - INFO - ⏭️ Альбом -1002533650006_13984009290940402 уже был обработан
2025-05-23 14:52:42,800 - INFO - ⏭️ Альбом -1002533650006_13984009290940402 уже был обработан
2025-05-23 14:52:42,800 - INFO - ⏭️ Альбом -1002533650006_13984009290940402 уже был обработан
2025-05-23 14:52:42,801 - INFO - ⏭️ Альбом -1002533650006_13984009290940402 уже был обработан
2025-05-23 14:52:42,801 - INFO - ⏭️ Альбом -1002533650006_13984009290940402 уже был обработан
2025-05-23 14:52:42,804 - INFO - 📦 Обработка альбома из канала Tester
2025-05-23 14:52:42,805 - INFO - ⏭️ Альбом -1002533650006_13984009290940410 уже был обработан
2025-05-23 14:52:42,805 - INFO - ⏭️ Альбом -1002533650006_13984009290940410 уже был обработан
2025-05-23 14:52:42,805 - INFO - ⏭️ Альбом -1002533650006_13984009290940410 уже был обработан
2025-05-23 14:52:42,806 - INFO - ⏭️ Альбом -1002533650006_13984009290940410 уже был обработан
2025-05-23 14:52:42,806 - INFO - ⏭️ Альбом -1002533650006_13984009290940410 уже был обработан
2025-05-23 14:52:42,806 - INFO - ⏭️ Альбом -1002533650006_13984009290940410 уже был обработан
2025-05-23 14:52:42,809 - INFO - 📸 Обработка одиночного фото из канала Tester
2025-05-23 14:52:42,809 - INFO - 📥 Скачивание фото...
2025-05-23 14:52:42,810 - INFO - Starting direct file download in chunks of 131072 at 0, stride 131072
2025-05-23 14:52:42,812 - INFO - 📸 Обработка одиночного фото из канала Tester
2025-05-23 14:52:42,813 - INFO - 📥 Скачивание фото...
2025-05-23 14:52:42,814 - INFO - Starting direct file download in chunks of 131072 at 0, stride 131072
2025-05-23 14:52:42,819 - INFO - 📸 Обработка одиночного фото из канала Tester
2025-05-23 14:52:42,819 - INFO - 📥 Скачивание фото...
2025-05-23 14:52:42,820 - INFO - Starting direct file download in chunks of 131072 at 0, stride 131072
2025-05-23 14:52:42,821 - INFO - 📦 Обработка альбома из канала Tester
2025-05-23 14:52:42,822 - INFO - ⏭️ Альбом -1002533650006_13984009290940442 уже был обработан
2025-05-23 14:52:42,823 - INFO - ⏭️ Альбом -1002533650006_13984009290940442 уже был обработан
2025-05-23 14:52:42,823 - INFO - ⏭️ Альбом -1002533650006_13984009290940442 уже был обработан
2025-05-23 14:52:42,824 - INFO - ⏭️ Альбом -1002533650006_13984009290940442 уже был обработан
2025-05-23 14:52:42,825 - INFO - ⏭️ Альбом -1002533650006_13984009290940442 уже был обработан
2025-05-23 14:52:42,825 - INFO - ⏭️ Альбом -1002533650006_13984009290940442 уже был обработан
2025-05-23 14:52:42,827 - INFO - 📦 Обработка альбома из канала Tester
2025-05-23 14:52:42,828 - INFO - ⏭️ Альбом -1002533650006_13984009290940450 уже был обработан
2025-05-23 14:52:42,829 - INFO - ⏭️ Альбом -1002533650006_13984009290940450 уже был обработан
2025-05-23 14:52:42,829 - INFO - ⏭️ Альбом -1002533650006_13984009290940450 уже был обработан
2025-05-23 14:52:42,830 - INFO - ⏭️ Альбом -1002533650006_13984009290940450 уже был обработан
2025-05-23 14:52:42,831 - INFO - ⏭️ Альбом -1002533650006_13984009290940450 уже был обработан
2025-05-23 14:52:42,833 - INFO - ⏭️ Альбом -1002533650006_13984009290940450 уже был обработан
2025-05-23 14:52:42,835 - INFO - 📦 Обработка альбома из канала Tester
2025-05-23 14:52:42,836 - INFO - ⏭️ Альбом -1002533650006_13984009290940458 уже был обработан
2025-05-23 14:52:42,837 - INFO - ⏭️ Альбом -1002533650006_13984009290940458 уже был обработан
2025-05-23 14:52:42,838 - INFO - 📦 Обработка альбома из канала Tester
2025-05-23 14:52:42,839 - INFO - ⏭️ Альбом -1002533650006_13984009290940466 уже был обработан
2025-05-23 14:52:42,839 - INFO - ⏭️ Альбом -1002533650006_13984009290940466 уже был обработан
2025-05-23 14:52:42,840 - INFO - ⏭️ Альбом -1002533650006_13984009290940466 уже был обработан
2025-05-23 14:52:42,841 - INFO - ⏭️ Альбом -1002533650006_13984009290940466 уже был обработан
2025-05-23 14:52:42,842 - INFO - ⏭️ Альбом -1002533650006_13984009290940466 уже был обработан
2025-05-23 14:52:42,842 - INFO - ⏭️ Альбом -1002533650006_13984009290940466 уже был обработан
2025-05-23 14:52:42,843 - INFO - 📦 Обработка альбома из канала Tester
2025-05-23 14:52:42,844 - INFO - ⏭️ Альбом -1002533650006_13984009290940474 уже был обработан
2025-05-23 14:52:42,844 - INFO - ⏭️ Альбом -1002533650006_13984009290940474 уже был обработан
2025-05-23 14:52:42,845 - INFO - ⏭️ Альбом -1002533650006_13984009290940474 уже был обработан
2025-05-23 14:52:42,874 - INFO - 📦 Обработка альбома из канала Tester
2025-05-23 14:52:42,875 - INFO - ⏭️ Альбом -1002533650006_13984009290940482 уже был обработан
2025-05-23 14:52:42,875 - INFO - ⏭️ Альбом -1002533650006_13984009290940482 уже был обработан
2025-05-23 14:52:42,875 - INFO - ⏭️ Альбом -1002533650006_13984009290940482 уже был обработан
2025-05-23 14:52:42,876 - INFO - ⏭️ Альбом -1002533650006_13984009290940482 уже был обработан
2025-05-23 14:52:42,876 - INFO - ⏭️ Альбом -1002533650006_13984009290940482 уже был обработан
2025-05-23 14:52:42,876 - INFO - ⏭️ Альбом -1002533650006_13984009290940482 уже был обработан
2025-05-23 14:52:42,878 - INFO - 📦 Обработка альбома из канала Tester
2025-05-23 14:52:42,878 - INFO - ⏭️ Альбом -1002533650006_13984009290940490 уже был обработан
2025-05-23 14:52:43,316 - INFO - ✅ Фото сохранено
2025-05-23 14:52:43,318 - INFO - ✅ Пост успешно сохранен в /tmp/ololo/post_20250523_145242_2916
2025-05-23 14:52:43,384 - INFO - ✅ Фото сохранено
2025-05-23 14:52:43,385 - INFO - ✅ Пост успешно сохранен в /tmp/ololo/post_20250523_145242_2915
2025-05-23 14:52:43,427 - INFO - ✅ Фото сохранено
2025-05-23 14:52:43,428 - INFO - ✅ Пост успешно сохранен в /tmp/ololo/post_20250523_145242_2883
2025-05-23 14:52:43,476 - INFO - ✅ Фото сохранено
2025-05-23 14:52:43,478 - INFO - ✅ Пост успешно сохранен в /tmp/ololo/post_20250523_145242_2917
2025-05-23 14:52:43,592 - INFO - ⏭️ Пропуск альбома без текста
2025-05-23 14:52:43,630 - INFO - 📥 Скачивание фото 1 из альбома...
2025-05-23 14:52:43,631 - INFO - Starting direct file download in chunks of 131072 at 0, stride 131072
2025-05-23 14:52:43,667 - INFO - 📥 Скачивание фото 1 из альбома...
2025-05-23 14:52:43,668 - INFO - Starting direct file download in chunks of 131072 at 0, stride 131072
2025-05-23 14:52:43,706 - INFO - 📥 Скачивание фото 1 из альбома...
2025-05-23 14:52:43,707 - INFO - Starting direct file download in chunks of 131072 at 0, stride 131072
2025-05-23 14:52:43,742 - INFO - 📥 Скачивание фото 1 из альбома...
2025-05-23 14:52:43,743 - INFO - Starting direct file download in chunks of 131072 at 0, stride 131072
2025-05-23 14:52:43,777 - INFO - 📥 Скачивание фото 1 из альбома...
2025-05-23 14:52:43,778 - INFO - Starting direct file download in chunks of 131072 at 0, stride 131072
2025-05-23 14:52:43,812 - INFO - 📥 Скачивание фото 1 из альбома...
2025-05-23 14:52:43,813 - INFO - Starting direct file download in chunks of 131072 at 0, stride 131072
2025-05-23 14:52:43,846 - INFO - ⏭️ Пропуск альбома без текста
2025-05-23 14:52:43,893 - INFO - 📥 Скачивание фото 1 из альбома...
2025-05-23 14:52:43,894 - INFO - Starting direct file download in chunks of 131072 at 0, stride 131072
2025-05-23 14:52:43,933 - INFO - 📥 Скачивание фото 1 из альбома...
2025-05-23 14:52:43,933 - INFO - Starting direct file download in chunks of 131072 at 0, stride 131072
2025-05-23 14:52:43,968 - INFO - 📥 Скачивание фото 1 из альбома...
2025-05-23 14:52:43,969 - INFO - Starting direct file download in chunks of 131072 at 0, stride 131072
2025-05-23 14:52:44,000 - INFO - 📥 Скачивание фото 1 из альбома...
2025-05-23 14:52:44,001 - INFO - Starting direct file download in chunks of 131072 at 0, stride 131072
2025-05-23 14:52:44,021 - INFO - ✅ Фото сохранено
2025-05-23 14:52:44,022 - INFO - ✅ Пост успешно сохранен в /tmp/ololo/post_20250523_145242_2882
2025-05-23 14:52:44,048 - INFO - 📥 Скачивание фото 2 из альбома...
2025-05-23 14:52:44,049 - INFO - Starting direct file download in chunks of 131072 at 0, stride 131072
2025-05-23 14:52:44,150 - INFO - 📥 Скачивание фото 2 из альбома...
2025-05-23 14:52:44,151 - INFO - Starting direct file download in chunks of 131072 at 0, stride 131072
2025-05-23 14:52:44,178 - INFO - 📥 Скачивание фото 2 из альбома...
2025-05-23 14:52:44,179 - INFO - Starting direct file download in chunks of 131072 at 0, stride 131072
2025-05-23 14:52:44,357 - INFO - 📥 Скачивание фото 3 из альбома...
2025-05-23 14:52:44,357 - INFO - Starting direct file download in chunks of 131072 at 0, stride 131072
2025-05-23 14:52:44,373 - INFO - 📥 Скачивание фото 2 из альбома...
2025-05-23 14:52:44,373 - INFO - Starting direct file download in chunks of 131072 at 0, stride 131072
2025-05-23 14:52:44,412 - INFO - 📥 Скачивание фото 2 из альбома...
2025-05-23 14:52:44,412 - INFO - Starting direct file download in chunks of 131072 at 0, stride 131072
2025-05-23 14:52:44,492 - INFO - 📥 Скачивание фото 2 из альбома...
2025-05-23 14:52:44,493 - INFO - Starting direct file download in chunks of 131072 at 0, stride 131072
2025-05-23 14:52:44,548 - INFO - 📥 Скачивание фото 3 из альбома...
2025-05-23 14:52:44,549 - INFO - Starting direct file download in chunks of 131072 at 0, stride 131072
2025-05-23 14:52:44,583 - INFO - 📥 Скачивание фото 3 из альбома...
2025-05-23 14:52:44,583 - INFO - Starting direct file download in chunks of 131072 at 0, stride 131072
2025-05-23 14:52:44,603 - INFO - 📥 Скачивание фото 2 из альбома...
2025-05-23 14:52:44,604 - INFO - Starting direct file download in chunks of 131072 at 0, stride 131072
2025-05-23 14:52:44,628 - INFO - 📥 Скачивание фото 2 из альбома...
2025-05-23 14:52:44,629 - INFO - Starting direct file download in chunks of 131072 at 0, stride 131072
2025-05-23 14:52:44,676 - INFO - 📥 Скачивание фото 2 из альбома...
2025-05-23 14:52:44,677 - INFO - Starting direct file download in chunks of 131072 at 0, stride 131072
2025-05-23 14:52:44,730 - INFO - 📥 Скачивание фото 4 из альбома...
2025-05-23 14:52:44,731 - INFO - Starting direct file download in chunks of 131072 at 0, stride 131072
2025-05-23 14:52:44,858 - INFO - 📥 Скачивание фото 4 из альбома...
2025-05-23 14:52:44,858 - INFO - Starting direct file download in chunks of 131072 at 0, stride 131072
2025-05-23 14:52:44,874 - INFO - 📥 Скачивание фото 4 из альбома...
2025-05-23 14:52:44,875 - INFO - Starting direct file download in chunks of 131072 at 0, stride 131072
2025-05-23 14:52:44,939 - INFO - 📥 Скачивание фото 2 из альбома...
2025-05-23 14:52:44,940 - INFO - Starting direct file download in chunks of 131072 at 0, stride 131072
2025-05-23 14:52:44,986 - INFO - 📥 Скачивание фото 3 из альбома...
2025-05-23 14:52:44,986 - INFO - Starting direct file download in chunks of 131072 at 0, stride 131072
2025-05-23 14:52:45,003 - INFO - 📥 Скачивание фото 5 из альбома...
2025-05-23 14:52:45,004 - INFO - Starting direct file download in chunks of 131072 at 0, stride 131072
2025-05-23 14:52:45,026 - INFO - 📥 Скачивание фото 3 из альбома...
2025-05-23 14:52:45,026 - INFO - Starting direct file download in chunks of 131072 at 0, stride 131072
2025-05-23 14:52:45,035 - INFO - 📥 Скачивание фото 3 из альбома...
2025-05-23 14:52:45,036 - INFO - Starting direct file download in chunks of 131072 at 0, stride 131072
2025-05-23 14:52:45,125 - INFO - ✅ Альбом сохранен: 4 фото
2025-05-23 14:52:45,125 - INFO - ✅ Пост успешно сохранен в /tmp/ololo/post_20250523_145242_2942
2025-05-23 14:52:45,175 - INFO - 📥 Скачивание фото 3 из альбома...
2025-05-23 14:52:45,176 - INFO - Starting direct file download in chunks of 131072 at 0, stride 131072
2025-05-23 14:52:45,228 - INFO - 📥 Скачивание фото 3 из альбома...
2025-05-23 14:52:45,229 - INFO - Starting direct file download in chunks of 131072 at 0, stride 131072
2025-05-23 14:52:45,316 - INFO - ✅ Альбом сохранен: 4 фото
2025-05-23 14:52:45,316 - INFO - ✅ Пост успешно сохранен в /tmp/ololo/post_20250523_145242_2884
2025-05-23 14:52:45,336 - INFO - 📥 Скачивание фото 6 из альбома...
2025-05-23 14:52:45,336 - INFO - Starting direct file download in chunks of 131072 at 0, stride 131072
2025-05-23 14:52:45,362 - INFO - 📥 Скачивание фото 3 из альбома...
2025-05-23 14:52:45,363 - INFO - Starting direct file download in chunks of 131072 at 0, stride 131072
2025-05-23 14:52:45,422 - INFO - 📥 Скачивание фото 3 из альбома...
2025-05-23 14:52:45,423 - INFO - Starting direct file download in chunks of 131072 at 0, stride 131072
2025-05-23 14:52:45,536 - INFO - 📥 Скачивание фото 4 из альбома...
2025-05-23 14:52:45,536 - INFO - Starting direct file download in chunks of 131072 at 0, stride 131072
2025-05-23 14:52:45,542 - INFO - 📥 Скачивание фото 4 из альбома...
2025-05-23 14:52:45,542 - INFO - Starting direct file download in chunks of 131072 at 0, stride 131072
2025-05-23 14:52:45,552 - INFO - 📥 Скачивание фото 4 из альбома...
2025-05-23 14:52:45,553 - INFO - Starting direct file download in chunks of 131072 at 0, stride 131072
2025-05-23 14:52:45,603 - INFO - 📥 Скачивание фото 7 из альбома...
2025-05-23 14:52:45,604 - INFO - Starting direct file download in chunks of 131072 at 0, stride 131072
2025-05-23 14:52:45,670 - INFO - 📥 Скачивание фото 4 из альбома...
2025-05-23 14:52:45,670 - INFO - Starting direct file download in chunks of 131072 at 0, stride 131072
2025-05-23 14:52:45,735 - INFO - 📥 Скачивание фото 4 из альбома...
2025-05-23 14:52:45,736 - INFO - Starting direct file download in chunks of 131072 at 0, stride 131072
2025-05-23 14:52:45,827 - INFO - 📥 Скачивание фото 5 из альбома...
2025-05-23 14:52:45,827 - INFO - Starting direct file download in chunks of 131072 at 0, stride 131072
2025-05-23 14:52:45,840 - INFO - 📥 Скачивание фото 4 из альбома...
2025-05-23 14:52:45,841 - INFO - Starting direct file download in chunks of 131072 at 0, stride 131072
2025-05-23 14:52:45,852 - INFO - 📥 Скачивание фото 4 из альбома...
2025-05-23 14:52:45,853 - INFO - Starting direct file download in chunks of 131072 at 0, stride 131072
2025-05-23 14:52:45,902 - INFO - ✅ Альбом сохранен: 7 фото
2025-05-23 14:52:45,902 - INFO - ✅ Пост успешно сохранен в /tmp/ololo/post_20250523_145242_2895
2025-05-23 14:52:45,972 - INFO - 📥 Скачивание фото 5 из альбома...
2025-05-23 14:52:45,972 - INFO - Starting direct file download in chunks of 131072 at 0, stride 131072
2025-05-23 14:52:46,042 - INFO - 📥 Скачивание фото 5 из альбома...
2025-05-23 14:52:46,042 - INFO - Starting direct file download in chunks of 131072 at 0, stride 131072
2025-05-23 14:52:46,080 - INFO - 📥 Скачивание фото 5 из альбома...
2025-05-23 14:52:46,080 - INFO - Starting direct file download in chunks of 131072 at 0, stride 131072
2025-05-23 14:52:46,211 - INFO - 📥 Скачивание фото 5 из альбома...
2025-05-23 14:52:46,211 - INFO - Starting direct file download in chunks of 131072 at 0, stride 131072
2025-05-23 14:52:46,223 - INFO - 📥 Скачивание фото 5 из альбома...
2025-05-23 14:52:46,224 - INFO - Starting direct file download in chunks of 131072 at 0, stride 131072
2025-05-23 14:52:46,293 - INFO - 📥 Скачивание фото 6 из альбома...
2025-05-23 14:52:46,294 - INFO - Starting direct file download in chunks of 131072 at 0, stride 131072
2025-05-23 14:52:46,356 - INFO - 📥 Скачивание фото 6 из альбома...
2025-05-23 14:52:46,357 - INFO - Starting direct file download in chunks of 131072 at 0, stride 131072
2025-05-23 14:52:46,367 - INFO - 📥 Скачивание фото 5 из альбома...
2025-05-23 14:52:46,368 - INFO - Starting direct file download in chunks of 131072 at 0, stride 131072
2025-05-23 14:52:46,424 - INFO - 📥 Скачивание фото 6 из альбома...
2025-05-23 14:52:46,424 - INFO - Starting direct file download in chunks of 131072 at 0, stride 131072
2025-05-23 14:52:46,497 - INFO - 📥 Скачивание фото 6 из альбома...
2025-05-23 14:52:46,497 - INFO - Starting direct file download in chunks of 131072 at 0, stride 131072
2025-05-23 14:52:46,608 - INFO - 📥 Скачивание фото 6 из альбома...
2025-05-23 14:52:46,608 - INFO - Starting direct file download in chunks of 131072 at 0, stride 131072
2025-05-23 14:52:46,611 - INFO - 📥 Скачивание фото 6 из альбома...
2025-05-23 14:52:46,612 - INFO - Starting direct file download in chunks of 131072 at 0, stride 131072
2025-05-23 14:52:46,711 - INFO - 📥 Скачивание фото 7 из альбома...
2025-05-23 14:52:46,711 - INFO - Starting direct file download in chunks of 131072 at 0, stride 131072
2025-05-23 14:52:46,724 - INFO - 📥 Скачивание фото 7 из альбома...
2025-05-23 14:52:46,725 - INFO - Starting direct file download in chunks of 131072 at 0, stride 131072
2025-05-23 14:52:46,738 - INFO - 📥 Скачивание фото 6 из альбома...
2025-05-23 14:52:46,739 - INFO - Starting direct file download in chunks of 131072 at 0, stride 131072
2025-05-23 14:52:46,783 - INFO - 📥 Скачивание фото 7 из альбома...
2025-05-23 14:52:46,784 - INFO - Starting direct file download in chunks of 131072 at 0, stride 131072
2025-05-23 14:52:46,814 - INFO - ✅ Альбом сохранен: 6 фото
2025-05-23 14:52:46,815 - INFO - ✅ Пост успешно сохранен в /tmp/ololo/post_20250523_145242_2902
2025-05-23 14:52:46,946 - INFO - 📥 Скачивание фото 7 из альбома...
2025-05-23 14:52:46,946 - INFO - Starting direct file download in chunks of 131072 at 0, stride 131072
2025-05-23 14:52:47,060 - INFO - 📥 Скачивание фото 7 из альбома...
2025-05-23 14:52:47,060 - INFO - Starting direct file download in chunks of 131072 at 0, stride 131072
2025-05-23 14:52:47,069 - INFO - ✅ Альбом сохранен: 7 фото
2025-05-23 14:52:47,071 - INFO - ✅ Пост успешно сохранен в /tmp/ololo/post_20250523_145242_2918
2025-05-23 14:52:47,124 - INFO - 📥 Скачивание фото 7 из альбома...
2025-05-23 14:52:47,124 - INFO - Starting direct file download in chunks of 131072 at 0, stride 131072
2025-05-23 14:52:47,132 - INFO - ✅ Альбом сохранен: 7 фото
2025-05-23 14:52:47,133 - INFO - ✅ Пост успешно сохранен в /tmp/ololo/post_20250523_145242_2888
2025-05-23 14:52:47,289 - INFO - ✅ Альбом сохранен: 7 фото
2025-05-23 14:52:47,289 - INFO - ✅ Пост успешно сохранен в /tmp/ololo/post_20250523_145242_2908
2025-05-23 14:52:47,299 - INFO - ✅ Альбом сохранен: 7 фото
2025-05-23 14:52:47,300 - INFO - ✅ Пост успешно сохранен в /tmp/ololo/post_20250523_145242_2946
2025-05-23 14:52:47,360 - INFO - ✅ Альбом сохранен: 7 фото
2025-05-23 14:52:47,361 - INFO - ✅ Пост успешно сохранен в /tmp/ololo/post_20250523_145242_2935
2025-05-23 14:52:47,501 - INFO - ✅ Альбом сохранен: 7 фото
2025-05-23 14:52:47,502 - INFO - ✅ Пост успешно сохранен в /tmp/ololo/post_20250523_145242_2925
2025-05-23 15:05:46,703 - INFO - Got difference for account updates
2025-05-23 15:08:20,362 - INFO - Got difference for account updates
2025-05-23 15:10:32,112 - INFO - 📦 Обработка альбома из канала ArtalexGroup
2025-05-23 15:10:32,112 - INFO - ⏭️ Альбом -1002353024122_13984017853084546 уже был обработан
2025-05-23 15:10:32,112 - INFO - ⏭️ Альбом -1002353024122_13984017853084546 уже был обработан
2025-05-23 15:10:32,112 - INFO - ⏭️ Альбом -1002353024122_13984017853084546 уже был обработан
2025-05-23 15:10:32,113 - INFO - ⏭️ Альбом -1002353024122_13984017853084546 уже был обработан
2025-05-23 15:10:32,300 - INFO - 📥 Скачивание фото 1 из альбома...
2025-05-23 15:10:32,301 - INFO - Starting direct file download in chunks of 131072 at 0, stride 131072
2025-05-23 15:10:32,921 - INFO - 📥 Скачивание фото 2 из альбома...
2025-05-23 15:10:32,922 - INFO - Starting direct file download in chunks of 131072 at 0, stride 131072
2025-05-23 15:10:33,330 - INFO - 📥 Скачивание фото 3 из альбома...
2025-05-23 15:10:33,331 - INFO - Starting direct file download in chunks of 131072 at 0, stride 131072
2025-05-23 15:10:34,608 - INFO - 📥 Скачивание фото 4 из альбома...
2025-05-23 15:10:34,609 - INFO - Starting direct file download in chunks of 131072 at 0, stride 131072
2025-05-23 15:10:34,970 - INFO - 📥 Скачивание фото 5 из альбома...
2025-05-23 15:10:34,971 - INFO - Starting direct file download in chunks of 131072 at 0, stride 131072
2025-05-23 15:10:35,293 - INFO - ✅ Альбом сохранен: 5 фото
2025-05-23 15:10:35,294 - INFO - ✅ Пост успешно сохранен в /tmp/ololo/post_20250523_151032_2973
2025-05-23 15:17:57,152 - INFO - Got difference for account updates
2025-05-23 15:17:57,241 - INFO - Got difference for channel 2353024122 updates
2025-05-23 15:20:14,533 - INFO - 📦 Обработка альбома из канала ArtalexGroup
2025-05-23 15:20:14,533 - INFO - ⏭️ Альбом -1002353024122_13984022511452394 уже был обработан
2025-05-23 15:20:14,534 - INFO - ⏭️ Альбом -1002353024122_13984022511452394 уже был обработан
2025-05-23 15:20:14,534 - INFO - ⏭️ Альбом -1002353024122_13984022511452394 уже был обработан
2025-05-23 15:20:14,534 - INFO - ⏭️ Альбом -1002353024122_13984022511452394 уже был обработан
2025-05-23 15:20:14,535 - INFO - ⏭️ Альбом -1002353024122_13984022511452394 уже был обработан
2025-05-23 15:20:14,535 - INFO - ⏭️ Альбом -1002353024122_13984022511452394 уже был обработан
2025-05-23 15:20:14,535 - INFO - ⏭️ Альбом -1002353024122_13984022511452394 уже был обработан
2025-05-23 15:20:14,695 - INFO - 📥 Скачивание фото 1 из альбома...
2025-05-23 15:20:14,696 - INFO - Starting direct file download in chunks of 131072 at 0, stride 131072
2025-05-23 15:20:15,127 - INFO - 📥 Скачивание фото 2 из альбома...
2025-05-23 15:20:15,128 - INFO - Starting direct file download in chunks of 131072 at 0, stride 131072
2025-05-23 15:20:15,506 - INFO - 📥 Скачивание фото 3 из альбома...
2025-05-23 15:20:15,507 - INFO - Starting direct file download in chunks of 131072 at 0, stride 131072
2025-05-23 15:20:15,929 - INFO - 📥 Скачивание фото 4 из альбома...
2025-05-23 15:20:15,930 - INFO - Starting direct file download in chunks of 131072 at 0, stride 131072
2025-05-23 15:20:16,284 - INFO - 📥 Скачивание фото 5 из альбома...
2025-05-23 15:20:16,285 - INFO - Starting direct file download in chunks of 131072 at 0, stride 131072
2025-05-23 15:20:16,580 - INFO - 📥 Скачивание фото 6 из альбома...
2025-05-23 15:20:16,580 - INFO - Starting direct file download in chunks of 131072 at 0, stride 131072
2025-05-23 15:20:16,887 - INFO - 📥 Скачивание фото 7 из альбома...
2025-05-23 15:20:16,888 - INFO - Starting direct file download in chunks of 131072 at 0, stride 131072
2025-05-23 15:20:17,176 - INFO - ✅ Альбом сохранен: 7 фото
2025-05-23 15:20:17,177 - INFO - ✅ Пост успешно сохранен в /tmp/ololo/post_20250523_152014_2978
2025-05-23 15:22:56,139 - INFO - Got difference for account updates
2025-05-23 15:33:00,652 - INFO - Got difference for account updates
2025-05-23 15:38:56,133 - INFO - Closing current connection to begin reconnect...
2025-05-23 15:38:56,138 - INFO - Connecting to 149.154.167.51:443/TcpFull...
2025-05-23 15:38:56,193 - INFO - Connection to 149.154.167.51:443/TcpFull complete!
2025-05-23 15:51:09,999 - INFO - Got difference for account updates
2025-05-23 16:03:31,563 - INFO - Got difference for account updates
2025-05-23 16:04:13,187 - INFO - 📸 Обработка одиночного фото из канала Tester
2025-05-23 16:04:13,189 - INFO - 📥 Скачивание фото...
2025-05-23 16:04:13,195 - INFO - Starting direct file download in chunks of 131072 at 0, stride 131072
2025-05-23 16:04:13,536 - INFO - ✅ Фото сохранено
2025-05-23 16:04:13,537 - INFO - ✅ Пост успешно сохранен в /tmp/ololo/post_20250523_160413_2955
2025-05-23 16:06:34,084 - INFO - 📸 Обработка одиночного фото из канала Tester
2025-05-23 16:06:34,085 - INFO - 📥 Скачивание фото...
2025-05-23 16:06:34,086 - INFO - Starting direct file download in chunks of 131072 at 0, stride 131072
2025-05-23 16:06:34,308 - INFO - ✅ Фото сохранено
2025-05-23 16:06:34,310 - INFO - ✅ Пост успешно сохранен в /tmp/ololo/post_20250523_160634_2956
2025-05-23 16:07:47,789 - INFO - Got difference for account updates
2025-05-23 16:08:26,654 - INFO - 📸 Обработка одиночного фото из канала Tester
2025-05-23 16:08:26,654 - INFO - 📥 Скачивание фото...
2025-05-23 16:08:26,655 - INFO - Starting direct file download in chunks of 131072 at 0, stride 131072
2025-05-23 16:08:27,076 - INFO - ✅ Фото сохранено
2025-05-23 16:08:27,077 - INFO - ✅ Пост успешно сохранен в /tmp/ololo/post_20250523_160826_2957
2025-05-23 16:13:20,111 - INFO - ⏭️ Пропуск не фото документа из канала Nem Auto
2025-05-23 16:14:50,437 - INFO - 📸 Обработка одиночного фото из канала Tester
2025-05-23 16:14:50,437 - INFO - 📥 Скачивание фото...
2025-05-23 16:14:50,438 - INFO - Starting direct file download in chunks of 131072 at 0, stride 131072
2025-05-23 16:14:50,965 - INFO - ✅ Фото сохранено
2025-05-23 16:14:50,966 - INFO - ✅ Пост успешно сохранен в /tmp/ololo/post_20250523_161450_2958
2025-05-23 16:16:58,633 - INFO - 📸 Обработка одиночного фото из канала Tester
2025-05-23 16:16:58,633 - INFO - 📥 Скачивание фото...
2025-05-23 16:16:58,634 - INFO - Starting direct file download in chunks of 131072 at 0, stride 131072
2025-05-23 16:16:58,975 - INFO - ✅ Фото сохранено
2025-05-23 16:16:58,976 - INFO - ✅ Пост успешно сохранен в /tmp/ololo/post_20250523_161658_2959
2025-05-23 16:19:49,604 - INFO - 📸 Обработка одиночного фото из канала Tester
2025-05-23 16:19:49,604 - INFO - 📥 Скачивание фото...
2025-05-23 16:19:49,605 - INFO - Starting direct file download in chunks of 131072 at 0, stride 131072
2025-05-23 16:19:49,833 - INFO - ✅ Фото сохранено
2025-05-23 16:19:49,835 - INFO - ✅ Пост успешно сохранен в /tmp/ololo/post_20250523_161949_2960
2025-05-23 16:21:11,049 - INFO - 📸 Обработка одиночного фото из канала Tester
2025-05-23 16:21:11,050 - INFO - 📥 Скачивание фото...
2025-05-23 16:21:11,051 - INFO - Starting direct file download in chunks of 131072 at 0, stride 131072
2025-05-23 16:21:11,297 - INFO - ✅ Фото сохранено
2025-05-23 16:21:11,298 - INFO - ✅ Пост успешно сохранен в /tmp/ololo/post_20250523_162111_2961
2025-05-23 16:22:52,032 - INFO - 📸 Обработка одиночного фото из канала Tester
2025-05-23 16:22:52,033 - INFO - 📥 Скачивание фото...
2025-05-23 16:22:52,034 - INFO - Starting direct file download in chunks of 131072 at 0, stride 131072
2025-05-23 16:22:52,230 - INFO - ✅ Фото сохранено
2025-05-23 16:22:52,232 - INFO - ✅ Пост успешно сохранен в /tmp/ololo/post_20250523_162252_2962
2025-05-23 16:31:56,148 - INFO - 📸 Обработка одиночного фото из канала Tester
2025-05-23 16:31:56,149 - INFO - 📥 Скачивание фото...
2025-05-23 16:31:56,150 - INFO - Starting direct file download in chunks of 131072 at 0, stride 131072
2025-05-23 16:31:56,555 - INFO - ✅ Фото сохранено
2025-05-23 16:31:56,556 - INFO - ✅ Пост успешно сохранен в /tmp/ololo/post_20250523_163156_2963
2025-05-23 16:35:29,361 - INFO - 📸 Обработка одиночного фото из канала Tester
2025-05-23 16:35:29,362 - INFO - 📥 Скачивание фото...
2025-05-23 16:35:29,363 - INFO - Starting direct file download in chunks of 131072 at 0, stride 131072
2025-05-23 16:35:29,553 - INFO - ✅ Фото сохранено
2025-05-23 16:35:29,554 - INFO - ✅ Пост успешно сохранен в /tmp/ololo/post_20250523_163529_2964
2025-05-23 16:39:17,530 - INFO - 📸 Обработка одиночного фото из канала Tester
2025-05-23 16:39:17,535 - INFO - 📥 Скачивание фото...
2025-05-23 16:39:17,536 - INFO - Starting direct file download in chunks of 131072 at 0, stride 131072
2025-05-23 16:39:17,744 - INFO - ✅ Фото сохранено
2025-05-23 16:39:17,745 - INFO - ✅ Пост успешно сохранен в /tmp/ololo/post_20250523_163917_2965
2025-05-23 16:41:28,424 - INFO - 📦 Обработка альбома из канала Салон Лимон
2025-05-23 16:41:28,429 - INFO - ⏭️ Альбом -1002337105329_13984061506699242 уже был обработан
2025-05-23 16:41:28,487 - INFO - ⏭️ Альбом -1002337105329_13984061506699242 уже был обработан
2025-05-23 16:41:28,488 - INFO - ⏭️ Альбом -1002337105329_13984061506699242 уже был обработан
2025-05-23 16:41:28,488 - INFO - ⏭️ Альбом -1002337105329_13984061506699242 уже был обработан
2025-05-23 16:41:28,489 - INFO - ⏭️ Альбом -1002337105329_13984061506699242 уже был обработан
2025-05-23 16:41:28,489 - INFO - ⏭️ Альбом -1002337105329_13984061506699242 уже был обработан
2025-05-23 16:41:28,493 - INFO - ⏭️ Альбом -1002337105329_13984061506699242 уже был обработан
2025-05-23 16:41:28,651 - INFO - 📥 Скачивание фото 1 из альбома...
2025-05-23 16:41:28,651 - INFO - Starting direct file download in chunks of 131072 at 0, stride 131072
2025-05-23 16:41:28,655 - INFO - ⏭️ Альбом -1002337105329_13984061506699242 уже был обработан
2025-05-23 16:41:28,827 - INFO - 📥 Скачивание фото 2 из альбома...
2025-05-23 16:41:28,829 - INFO - Starting direct file download in chunks of 131072 at 0, stride 131072
2025-05-23 16:41:29,018 - INFO - 📥 Скачивание фото 3 из альбома...
2025-05-23 16:41:29,019 - INFO - Starting direct file download in chunks of 131072 at 0, stride 131072
2025-05-23 16:41:29,184 - INFO - 📥 Скачивание фото 4 из альбома...
2025-05-23 16:41:29,184 - INFO - Starting direct file download in chunks of 131072 at 0, stride 131072
2025-05-23 16:41:29,356 - INFO - 📥 Скачивание фото 5 из альбома...
2025-05-23 16:41:29,357 - INFO - Starting direct file download in chunks of 131072 at 0, stride 131072
2025-05-23 16:41:29,445 - INFO - 📥 Скачивание фото 6 из альбома...
2025-05-23 16:41:29,447 - INFO - Starting direct file download in chunks of 131072 at 0, stride 131072
2025-05-23 16:41:29,531 - INFO - 📥 Скачивание фото 7 из альбома...
2025-05-23 16:41:29,532 - INFO - Starting direct file download in chunks of 131072 at 0, stride 131072
2025-05-23 16:41:29,632 - INFO - 📥 Скачивание фото 8 из альбома...
2025-05-23 16:41:29,633 - INFO - Starting direct file download in chunks of 131072 at 0, stride 131072
2025-05-23 16:41:29,759 - INFO - 📥 Скачивание фото 9 из альбома...
2025-05-23 16:41:29,761 - INFO - Starting direct file download in chunks of 131072 at 0, stride 131072
2025-05-23 16:41:29,850 - INFO - 📥 Скачивание фото 10 из альбома...
2025-05-23 16:41:29,854 - INFO - Starting direct file download in chunks of 131072 at 0, stride 131072
2025-05-23 16:41:29,953 - INFO - ✅ Альбом сохранен: 10 фото
2025-05-23 16:41:29,954 - INFO - ✅ Пост успешно сохранен в /tmp/ololo/post_20250523_164128_429
2025-05-23 16:45:54,393 - INFO - 📦 Обработка альбома из канала Tester
2025-05-23 16:45:54,394 - INFO - ⏭️ Альбом -1002533650006_13984063634400426 уже был обработан
2025-05-23 16:45:54,394 - INFO - ⏭️ Альбом -1002533650006_13984063634400426 уже был обработан
2025-05-23 16:45:54,394 - INFO - ⏭️ Альбом -1002533650006_13984063634400426 уже был обработан
2025-05-23 16:45:54,394 - INFO - ⏭️ Альбом -1002533650006_13984063634400426 уже был обработан
2025-05-23 16:45:54,545 - INFO - 📥 Скачивание фото 1 из альбома...
2025-05-23 16:45:54,546 - INFO - Starting direct file download in chunks of 131072 at 0, stride 131072
2025-05-23 16:45:54,657 - INFO - 📥 Скачивание фото 2 из альбома...
2025-05-23 16:45:54,657 - INFO - Starting direct file download in chunks of 131072 at 0, stride 131072
2025-05-23 16:45:54,746 - INFO - 📥 Скачивание фото 3 из альбома...
2025-05-23 16:45:54,747 - INFO - Starting direct file download in chunks of 131072 at 0, stride 131072
2025-05-23 16:45:54,845 - INFO - 📥 Скачивание фото 4 из альбома...
2025-05-23 16:45:54,845 - INFO - Starting direct file download in chunks of 131072 at 0, stride 131072
2025-05-23 16:45:54,944 - INFO - 📥 Скачивание фото 5 из альбома...
2025-05-23 16:45:54,945 - INFO - Starting direct file download in chunks of 131072 at 0, stride 131072
2025-05-23 16:45:55,245 - INFO - ✅ Альбом сохранен: 5 фото
2025-05-23 16:45:55,246 - INFO - ✅ Пост успешно сохранен в /tmp/ololo/post_20250523_164554_2966
2025-05-23 16:48:41,157 - INFO - Got difference for account updates
2025-05-23 16:50:23,286 - INFO - 📸 Обработка одиночного фото из канала Tester
2025-05-23 16:50:23,286 - INFO - 📥 Скачивание фото...
2025-05-23 16:50:23,287 - INFO - Starting direct file download in chunks of 131072 at 0, stride 131072
2025-05-23 16:50:23,472 - INFO - ✅ Фото сохранено
2025-05-23 16:50:23,473 - INFO - ✅ Пост успешно сохранен в /tmp/ololo/post_20250523_165023_2971
2025-05-23 16:51:36,118 - INFO - Получен сигнал SIGINT
2025-05-23 16:51:36,126 - INFO - Получен сигнал SIGINT...
2025-05-23 16:51:36,126 - INFO - Отключаем клиента Telegram...
2025-05-23 16:51:36,126 - INFO - Disconnecting from 149.154.167.51:443/TcpFull...
2025-05-23 16:51:36,127 - INFO - Disconnection from 149.154.167.51:443/TcpFull complete!
2025-05-23 16:51:36,127 - INFO - Not disconnecting (already have no connection)
2025-05-23 16:51:36,137 - INFO - Not disconnecting (already have no connection)
2025-05-23 16:51:36,140 - INFO - Not disconnecting (already have no connection)
2025-05-23 16:51:36,144 - INFO - Бот полностью остановлен
2025-05-23 17:02:25,030 - INFO - Загружено 18 элементов из /Users/sochnevsk/auto_bot/auto-bot-userbot/cache/processed_media.json
2025-05-23 17:02:25,032 - INFO - Загружено 16 элементов из /Users/sochnevsk/auto_bot/auto-bot-userbot/cache/processed_albums.json
2025-05-23 17:02:25,033 - INFO - Запуск юзербота...
2025-05-23 17:02:25,034 - INFO - Connecting to 149.154.167.51:443/TcpFull...
2025-05-23 17:02:25,078 - INFO - Connection to 149.154.167.51:443/TcpFull complete!
2025-05-23 17:02:25,930 - INFO - Бот успешно подключен к Telegram
2025-05-23 17:02:53,458 - INFO - 📦 Обработка альбома из канала Tester
2025-05-23 17:02:53,459 - INFO - ⏭️ Альбом -1002533650006_13984071787350242 уже был обработан
2025-05-23 17:02:53,459 - INFO - ⏭️ Альбом -1002533650006_13984071787350242 уже был обработан
2025-05-23 17:02:53,460 - INFO - ⏭️ Альбом -1002533650006_13984071787350242 уже был обработан
2025-05-23 17:02:53,656 - INFO - 📥 Скачивание фото 1 из альбома...
2025-05-23 17:02:53,657 - INFO - Starting direct file download in chunks of 131072 at 0, stride 131072
2025-05-23 17:02:53,813 - INFO - 📥 Скачивание фото 2 из альбома...
2025-05-23 17:02:53,813 - INFO - Starting direct file download in chunks of 131072 at 0, stride 131072
2025-05-23 17:02:53,933 - INFO - 📥 Скачивание фото 3 из альбома...
2025-05-23 17:02:53,934 - INFO - Starting direct file download in chunks of 131072 at 0, stride 131072
2025-05-23 17:02:54,025 - INFO - 📥 Скачивание фото 4 из альбома...
2025-05-23 17:02:54,025 - INFO - Starting direct file download in chunks of 131072 at 0, stride 131072
2025-05-23 17:02:54,122 - INFO - ✅ Альбом сохранен: 4 фото
2025-05-23 17:02:54,123 - INFO - ✅ Пост успешно сохранен в /tmp/ololo/post_20250523_170253_2972
2025-05-23 17:05:30,154 - INFO - Got difference for account updates
2025-05-23 17:07:56,708 - INFO - Got difference for account updates
2025-05-23 17:10:49,335 - INFO - Got difference for account updates
2025-05-23 17:12:11,103 - INFO - Got difference for account updates
2025-05-23 17:13:25,823 - INFO - Got difference for account updates
2025-05-23 17:14:36,381 - INFO - 📦 Обработка альбома из канала Tester
2025-05-23 17:14:36,382 - INFO - ⏭️ Альбом -1002533650006_13984077407107298 уже был обработан
2025-05-23 17:14:36,383 - INFO - ⏭️ Альбом -1002533650006_13984077407107298 уже был обработан
2025-05-23 17:14:36,383 - INFO - ⏭️ Альбом -1002533650006_13984077407107298 уже был обработан
2025-05-23 17:14:36,384 - INFO - ⏭️ Альбом -1002533650006_13984077407107298 уже был обработан
2025-05-23 17:14:36,384 - INFO - ⏭️ Альбом -1002533650006_13984077407107298 уже был обработан
2025-05-23 17:14:36,384 - INFO - ⏭️ Альбом -1002533650006_13984077407107298 уже был обработан
2025-05-23 17:14:36,385 - INFO - 📦 Обработка альбома из канала Tester
2025-05-23 17:14:36,386 - INFO - ⏭️ Альбом -1002533650006_13984077407107306 уже был обработан
2025-05-23 17:14:36,386 - INFO - ⏭️ Альбом -1002533650006_13984077407107306 уже был обработан
2025-05-23 17:14:36,386 - INFO - ⏭️ Альбом -1002533650006_13984077407107306 уже был обработан
2025-05-23 17:14:36,533 - INFO - 📥 Скачивание фото 1 из альбома...
2025-05-23 17:14:36,534 - INFO - Starting direct file download in chunks of 131072 at 0, stride 131072
2025-05-23 17:14:36,553 - INFO - 📥 Скачивание фото 1 из альбома...
2025-05-23 17:14:36,554 - INFO - Starting direct file download in chunks of 131072 at 0, stride 131072
2025-05-23 17:14:36,675 - INFO - 📥 Скачивание фото 2 из альбома...
2025-05-23 17:14:36,676 - INFO - Starting direct file download in chunks of 131072 at 0, stride 131072
2025-05-23 17:14:36,716 - INFO - 📥 Скачивание фото 2 из альбома...
2025-05-23 17:14:36,716 - INFO - Starting direct file download in chunks of 131072 at 0, stride 131072
2025-05-23 17:14:36,758 - INFO - 📥 Скачивание фото 3 из альбома...
2025-05-23 17:14:36,758 - INFO - Starting direct file download in chunks of 131072 at 0, stride 131072
2025-05-23 17:14:36,834 - INFO - 📥 Скачивание фото 4 из альбома...
2025-05-23 17:14:36,835 - INFO - Starting direct file download in chunks of 131072 at 0, stride 131072
2025-05-23 17:14:36,916 - INFO - ✅ Альбом сохранен: 4 фото
2025-05-23 17:14:36,917 - INFO - ✅ Пост успешно сохранен в /tmp/ololo/post_20250523_171436_2983
2025-05-23 17:14:36,943 - INFO - 📥 Скачивание фото 3 из альбома...
2025-05-23 17:14:36,943 - INFO - Starting direct file download in chunks of 131072 at 0, stride 131072
2025-05-23 17:14:37,103 - INFO - 📥 Скачивание фото 4 из альбома...
2025-05-23 17:14:37,104 - INFO - Starting direct file download in chunks of 131072 at 0, stride 131072
2025-05-23 17:14:37,264 - INFO - 📥 Скачивание фото 5 из альбома...
2025-05-23 17:14:37,264 - INFO - Starting direct file download in chunks of 131072 at 0, stride 131072
2025-05-23 17:14:37,404 - INFO - 📥 Скачивание фото 6 из альбома...
2025-05-23 17:14:37,405 - INFO - Starting direct file download in chunks of 131072 at 0, stride 131072
2025-05-23 17:14:37,553 - INFO - 📥 Скачивание фото 7 из альбома...
2025-05-23 17:14:37,554 - INFO - Starting direct file download in chunks of 131072 at 0, stride 131072
2025-05-23 17:14:37,757 - INFO - ✅ Альбом сохранен: 7 фото
2025-05-23 17:14:37,758 - INFO - ✅ Пост успешно сохранен в /tmp/ololo/post_20250523_171436_2976
